	mpxlf95_r -qsuffix=cpp=f -O3 -qrealsize=8 -qstrict -qxlf77=leadzero -qmaxmem=-1 -qnolm -qsmp=noauto -qnosave -I/meso/save/wx20rv/ESMF_libs/esmf_3_1_0_61/mod/modO/AIX.default.64.mpi.default -I/nwprod/lib/incmod/w3_d   -NS2048 -qfixed -c machine.f
** machine   === End of Compilation 1 ===
1501-510  Compilation successful for file machine.f.
	mpxlf95_r -qsuffix=cpp=f -O3 -qrealsize=8 -qstrict -qxlf77=leadzero -qmaxmem=-1 -qnolm -qsmp=noauto -qnosave -I/meso/save/wx20rv/ESMF_libs/esmf_3_1_0_61/mod/modO/AIX.default.64.mpi.default -I/nwprod/lib/incmod/w3_d -qfree -NS2048 -c iounitdef.f
COMMAND LINE  1520-022 (W) The FREE option has been replaced by the option FREE(F90).
** module_iounitdef   === End of Compilation 1 ===
1501-510  Compilation successful for file iounitdef.f.
	mpxlf95_r -qsuffix=cpp=f -O3 -qrealsize=8 -qstrict -qxlf77=leadzero -qmaxmem=-1 -qnolm -qsmp=noauto -qnosave  -qfixed -c resol_def.f 
** resol_def   === End of Compilation 1 ===
** ozne_def   === End of Compilation 2 ===
1501-510  Compilation successful for file resol_def.f.
	mpxlf95_r -qsuffix=cpp=f -O3 -qrealsize=8 -qstrict -qxlf77=leadzero -qmaxmem=-1 -qnolm -qsmp=noauto -qnosave  -qfixed -c layout1.f 
** layout1   === End of Compilation 1 ===
1501-510  Compilation successful for file layout1.f.
	mpxlf95_r -qsuffix=cpp=f -O3 -qrealsize=8 -qstrict -qxlf77=leadzero -qmaxmem=-1 -qnolm -qsmp=noauto -qnosave  -qfixed -c vert_def.f 
** vert_def   === End of Compilation 1 ===
1501-510  Compilation successful for file vert_def.f.
	mpxlf95_r -qsuffix=cpp=f -O3 -qrealsize=8 -qstrict -qxlf77=leadzero -qmaxmem=-1 -qnolm -qsmp=noauto -qnosave  -qfixed -c gg_def.f 
** gg_def   === End of Compilation 1 ===
1501-510  Compilation successful for file gg_def.f.
	mpxlf95_r -qsuffix=cpp=f -O3 -qrealsize=8 -qstrict -qxlf77=leadzero -qmaxmem=-1 -qnolm -qsmp=noauto -qnosave  -qfixed -c date_def.f 
** date_def   === End of Compilation 1 ===
1501-510  Compilation successful for file date_def.f.
	mpxlf95_r -qsuffix=cpp=f -O3 -qrealsize=8 -qstrict -qxlf77=leadzero -qmaxmem=-1 -qnolm -qsmp=noauto -qnosave -I/meso/save/wx20rv/ESMF_libs/esmf_3_1_0_61/mod/modO/AIX.default.64.mpi.default -I/nwprod/lib/incmod/w3_d -qfree -NS2048 -c physcons_v.f
COMMAND LINE  1520-022 (W) The FREE option has been replaced by the option FREE(F90).
** physcons   === End of Compilation 1 ===
1501-510  Compilation successful for file physcons_v.f.
	mpxlf95_r -qsuffix=cpp=f -O3 -qrealsize=8 -qstrict -qxlf77=leadzero -qmaxmem=-1 -qnolm -qsmp=noauto -qnosave -I/meso/save/wx20rv/ESMF_libs/esmf_3_1_0_61/mod/modO/AIX.default.64.mpi.default -I/nwprod/lib/incmod/w3_d -qfree -NS2048 -c funcphys_v.f
COMMAND LINE  1520-022 (W) The FREE option has been replaced by the option FREE(F90).
** funcphys   === End of Compilation 1 ===
1501-510  Compilation successful for file funcphys_v.f.
	mpxlf95_r -qsuffix=cpp=f -O3 -qrealsize=8 -qstrict -qxlf77=leadzero -qmaxmem=-1 -qnolm -qsmp=noauto -qnosave -I/meso/save/wx20rv/ESMF_libs/esmf_3_1_0_61/mod/modO/AIX.default.64.mpi.default -I/nwprod/lib/incmod/w3_d   -NS2048 -qfixed -c progtm_module.f
** module_progtm   === End of Compilation 1 ===
1501-510  Compilation successful for file progtm_module.f.
	mpxlf95_r -qsuffix=cpp=f -O3 -qrealsize=8 -qstrict -qxlf77=leadzero -qmaxmem=-1 -qnolm -qsmp=noauto -qnosave -I/meso/save/wx20rv/ESMF_libs/esmf_3_1_0_61/mod/modO/AIX.default.64.mpi.default -I/nwprod/lib/incmod/w3_d   -NS2048 -qfixed -c rascnvv2_v.f
** module_ras   === End of Compilation 1 ===
** module_rascnv   === End of Compilation 2 ===
** rascnv   === End of Compilation 3 ===
** crtwrk   === End of Compilation 4 ===
** cloud   === End of Compilation 5 ===
** ddrft   === End of Compilation 6 ===
** qsatcn   === End of Compilation 7 ===
** angrad   === End of Compilation 8 ===
** setqrp   === End of Compilation 9 ===
** qrpf   === End of Compilation 10 ===
** qrabf   === End of Compilation 11 ===
** setvtp   === End of Compilation 12 ===
** vtpf   === End of Compilation 13 ===
** clf   === End of Compilation 14 ===
1501-510  Compilation successful for file rascnvv2_v.f.
	mpxlf95_r -qsuffix=cpp=f -O3 -qrealsize=8 -qstrict -qxlf77=leadzero -qmaxmem=-1 -qnolm -qsmp=noauto -qnosave  -qfixed -c namelist_physics_def.f 
** namelist_physics_def   === End of Compilation 1 ===
1501-510  Compilation successful for file namelist_physics_def.f.
	mpxlf95_r -qsuffix=cpp=f -O3 -qrealsize=8 -qstrict -qxlf77=leadzero -qmaxmem=-1 -qnolm -qsmp=noauto -qnosave -I/meso/save/wx20rv/ESMF_libs/esmf_3_1_0_61/mod/modO/AIX.default.64.mpi.default -I/nwprod/lib/incmod/w3_d   -NS2048 -qfixed -c namelist_soilveg.f
** namelist_soilveg   === End of Compilation 1 ===
1501-510  Compilation successful for file namelist_soilveg.f.
	mpxlf95_r -qsuffix=cpp=f -O3 -qrealsize=8 -qstrict -qxlf77=leadzero -qmaxmem=-1 -qnolm -qsmp=noauto -qnosave  -qfixed -c coordinate_def.f 
** coordinate_def   === End of Compilation 1 ===
1501-510  Compilation successful for file coordinate_def.f.
	mpxlf95_r -qsuffix=cpp=f -O3 -qrealsize=8 -qstrict -qxlf77=leadzero -qmaxmem=-1 -qnolm -qsmp=noauto -qnosave  -qfixed -c tracer_const_h.f 
** tracer_const   === End of Compilation 1 ===
1501-510  Compilation successful for file tracer_const_h.f.
	mpxlf95_r -qsuffix=cpp=f -O3 -qrealsize=8 -qstrict -qxlf77=leadzero -qmaxmem=-1 -qnolm -qsmp=noauto -qnosave  -qfixed -c reduce_lons_grid_module.f 
** reduce_lons_grid_module   === End of Compilation 1 ===
1501-510  Compilation successful for file reduce_lons_grid_module.f.
	mpxlf95_r -qsuffix=cpp=f -O3 -qrealsize=8 -qstrict -qxlf77=leadzero -qmaxmem=-1 -qnolm -qsmp=noauto -qnosave -I/meso/save/wx20rv/ESMF_libs/esmf_3_1_0_61/mod/modO/AIX.default.64.mpi.default -I/nwprod/lib/incmod/w3_d   -NS2048 -qfixed -c module_bfmicrophysics.f
** module_microphysics   === End of Compilation 1 ===
1501-510  Compilation successful for file module_bfmicrophysics.f.
	mpxlf95_r -qsuffix=cpp=f -O3 -qrealsize=8 -qstrict -qxlf77=leadzero -qmaxmem=-1 -qnolm -qsmp=noauto -qnosave  -qfixed -c mpi_def.f 
** mpi_def   === End of Compilation 1 ===
1501-510  Compilation successful for file mpi_def.f.
	mpxlf95_r -qsuffix=cpp=f -O3 -qrealsize=8 -qstrict -qxlf77=leadzero -qmaxmem=-1 -qnolm -qsmp=noauto -qnosave  -qfixed -c d3d_def.f 
** d3d_def   === End of Compilation 1 ===
1501-510  Compilation successful for file d3d_def.f.
	mpxlf95_r -O3 -qnosave -q free=f90 -qcheck -c sfcio_module.f
** sfcio_module   === End of Compilation 1 ===
1501-510  Compilation successful for file sfcio_module.f.
	mpxlf95_r -qsuffix=cpp=f -O3 -qrealsize=8 -qstrict -qxlf77=leadzero -qmaxmem=-1 -qnolm -qsmp=noauto -qnosave -I/meso/save/wx20rv/ESMF_libs/esmf_3_1_0_61/mod/modO/AIX.default.64.mpi.default -I/nwprod/lib/incmod/w3_d -qfree -NS2048 -c gfs_physics_err_msg_mod.f
COMMAND LINE  1520-022 (W) The FREE option has been replaced by the option FREE(F90).
** gfs_physics_err_msg_mod   === End of Compilation 1 ===
1501-510  Compilation successful for file gfs_physics_err_msg_mod.f.
	mpxlf95_r -qsuffix=cpp=f -O3 -qrealsize=8 -qstrict -qxlf77=leadzero -qmaxmem=-1 -qnolm -qsmp=noauto -qnosave -I/meso/save/wx20rv/ESMF_libs/esmf_3_1_0_61/mod/modO/AIX.default.64.mpi.default -I/nwprod/lib/incmod/w3_d -qfree -NS2048 -c gfs_physics_sfc_flx_mod.f
COMMAND LINE  1520-022 (W) The FREE option has been replaced by the option FREE(F90).
** gfs_physics_sfc_flx_mod   === End of Compilation 1 ===
1501-510  Compilation successful for file gfs_physics_sfc_flx_mod.f.
	mpxlf95_r -qsuffix=cpp=f -O3 -qrealsize=8 -qstrict -qxlf77=leadzero -qmaxmem=-1 -qnolm -qsmp=noauto -qnosave -I/meso/save/wx20rv/ESMF_libs/esmf_3_1_0_61/mod/modO/AIX.default.64.mpi.default -I/nwprod/lib/incmod/w3_d -qfree -NS2048 -c gfs_physics_namelist_mod.f
COMMAND LINE  1520-022 (W) The FREE option has been replaced by the option FREE(F90).
** gfs_physics_namelist_mod   === End of Compilation 1 ===
1501-510  Compilation successful for file gfs_physics_namelist_mod.f.
	mpxlf95_r -qsuffix=cpp=f -O3 -qrealsize=8 -qstrict -qxlf77=leadzero -qmaxmem=-1 -qnolm -qsmp=noauto -qnosave -I/meso/save/wx20rv/ESMF_libs/esmf_3_1_0_61/mod/modO/AIX.default.64.mpi.default -I/nwprod/lib/incmod/w3_d   -NS2048 -qfixed -c module_alarms.f
** module_alarms   === End of Compilation 1 ===
1501-510  Compilation successful for file module_alarms.f.
	mpxlf95_r -qsuffix=cpp=f -O3 -qrealsize=8 -qstrict -qxlf77=leadzero -qmaxmem=-1 -qnolm -qsmp=noauto -qnosave -I/meso/save/wx20rv/ESMF_libs/esmf_3_1_0_61/mod/modO/AIX.default.64.mpi.default -I/nwprod/lib/incmod/w3_d -qfree -NS2048 -c gfs_physics_start_time_get_mod.f
COMMAND LINE  1520-022 (W) The FREE option has been replaced by the option FREE(F90).
** gfs_physics_start_time_get   === End of Compilation 1 ===
1501-510  Compilation successful for file gfs_physics_start_time_get_mod.f.
	mpxlf95_r -qsuffix=cpp=f -O3 -qrealsize=8 -qstrict -qxlf77=leadzero -qmaxmem=-1 -qnolm -qsmp=noauto -qnosave -I/meso/save/wx20rv/ESMF_libs/esmf_3_1_0_61/mod/modO/AIX.default.64.mpi.default -I/nwprod/lib/incmod/w3_d -qfree -NS2048 -c gfs_physics_internal_state_mod.f
COMMAND LINE  1520-022 (W) The FREE option has been replaced by the option FREE(F90).
** gfs_physics_internal_state_mod   === End of Compilation 1 ===
1501-510  Compilation successful for file gfs_physics_internal_state_mod.f.
	mpxlf95_r -qsuffix=cpp=f -O3 -qrealsize=8 -qstrict -qxlf77=leadzero -qmaxmem=-1 -qnolm -qsmp=noauto -qnosave -I/meso/save/wx20rv/ESMF_libs/esmf_3_1_0_61/mod/modO/AIX.default.64.mpi.default -I/nwprod/lib/incmod/w3_d -qfree -NS2048 -c gfs_physics_grid_create_mod.f
COMMAND LINE  1520-022 (W) The FREE option has been replaced by the option FREE(F90).
** gfs_physics_grid_create_mod   === End of Compilation 1 ===
1501-510  Compilation successful for file gfs_physics_grid_create_mod.f.
	mpxlf95_r -qsuffix=cpp=f -O3 -qrealsize=8 -qstrict -qxlf77=leadzero -qmaxmem=-1 -qnolm -qsmp=noauto -qnosave -I/meso/save/wx20rv/ESMF_libs/esmf_3_1_0_61/mod/modO/AIX.default.64.mpi.default -I/nwprod/lib/incmod/w3_d -qfree -NS2048 -c gfs_physics_getcf_mod.f
COMMAND LINE  1520-022 (W) The FREE option has been replaced by the option FREE(F90).
** gfs_physics_getcf_mod   === End of Compilation 1 ===
1501-510  Compilation successful for file gfs_physics_getcf_mod.f.
	mpxlf95_r -qsuffix=cpp=f -O3 -qrealsize=8 -qstrict -qxlf77=leadzero -qmaxmem=-1 -qnolm -qsmp=noauto -qnosave -I/meso/save/wx20rv/ESMF_libs/esmf_3_1_0_61/mod/modO/AIX.default.64.mpi.default -I/nwprod/lib/incmod/w3_d -qfree -NS2048 -c gfs_physics_initialize_mod.f
COMMAND LINE  1520-022 (W) The FREE option has been replaced by the option FREE(F90).
** gfs_physics_initialize_mod   === End of Compilation 1 ===
1501-510  Compilation successful for file gfs_physics_initialize_mod.f.
	mpxlf95_r -qsuffix=cpp=f -O3 -qrealsize=8 -qstrict -qxlf77=leadzero -qmaxmem=-1 -qnolm -qsmp=noauto -qnosave -I/meso/save/wx20rv/ESMF_libs/esmf_3_1_0_61/mod/modO/AIX.default.64.mpi.default -I/nwprod/lib/incmod/w3_d -qfree -NS2048 -c gfs_physics_run_mod.f
COMMAND LINE  1520-022 (W) The FREE option has been replaced by the option FREE(F90).
** gfs_physics_run_mod   === End of Compilation 1 ===
1501-510  Compilation successful for file gfs_physics_run_mod.f.
	mpxlf95_r -qsuffix=cpp=f -O3 -qrealsize=8 -qstrict -qxlf77=leadzero -qmaxmem=-1 -qnolm -qsmp=noauto -qnosave -I/meso/save/wx20rv/ESMF_libs/esmf_3_1_0_61/mod/modO/AIX.default.64.mpi.default -I/nwprod/lib/incmod/w3_d -qfree -NS2048 -c gfs_physics_finalize_mod.f
COMMAND LINE  1520-022 (W) The FREE option has been replaced by the option FREE(F90).
** gfs_physics_finalize_mod   === End of Compilation 1 ===
1501-510  Compilation successful for file gfs_physics_finalize_mod.f.
	mpxlf95_r -qsuffix=cpp=f -O3 -qrealsize=8 -qstrict -qxlf77=leadzero -qmaxmem=-1 -qnolm -qsmp=noauto -qnosave -I/meso/save/wx20rv/ESMF_libs/esmf_3_1_0_61/mod/modO/AIX.default.64.mpi.default -I/nwprod/lib/incmod/w3_d -qfree -NS2048 -c gfs_physics_add_get_state_mod.f
COMMAND LINE  1520-022 (W) The FREE option has been replaced by the option FREE(F90).
"gfs_physics_add_get_state_mod.f", line 1017.10: 1513-068 (E) Argument keywords may only be used for procedures with an explicit interface. The keyword will be ignored.
"gfs_physics_add_get_state_mod.f", line 1017.45: 1513-068 (E) Argument keywords may only be used for procedures with an explicit interface. The keyword will be ignored.
"gfs_physics_add_get_state_mod.f", line 1019.11: 1513-029 (W) The number of arguments to "esmf_stategetarray" differs from the number of arguments in a previous reference. You should use the OPTIONAL attribute and an explicit interface to define a procedure with optional arguments.
"gfs_physics_add_get_state_mod.f", line 1019.54: 1513-068 (E) Argument keywords may only be used for procedures with an explicit interface. The keyword will be ignored.
"gfs_physics_add_get_state_mod.f", line 1115.10: 1513-068 (E) Argument keywords may only be used for procedures with an explicit interface. The keyword will be ignored.
"gfs_physics_add_get_state_mod.f", line 1115.45: 1513-068 (E) Argument keywords may only be used for procedures with an explicit interface. The keyword will be ignored.
"gfs_physics_add_get_state_mod.f", line 1117.11: 1513-029 (W) The number of arguments to "esmf_stategetarray" differs from the number of arguments in a previous reference. You should use the OPTIONAL attribute and an explicit interface to define a procedure with optional arguments.
"gfs_physics_add_get_state_mod.f", line 1117.54: 1513-068 (E) Argument keywords may only be used for procedures with an explicit interface. The keyword will be ignored.
"gfs_physics_add_get_state_mod.f", line 1213.10: 1513-068 (E) Argument keywords may only be used for procedures with an explicit interface. The keyword will be ignored.
"gfs_physics_add_get_state_mod.f", line 1213.45: 1513-068 (E) Argument keywords may only be used for procedures with an explicit interface. The keyword will be ignored.
"gfs_physics_add_get_state_mod.f", line 1215.11: 1513-029 (W) The number of arguments to "esmf_stategetarray" differs from the number of arguments in a previous reference. You should use the OPTIONAL attribute and an explicit interface to define a procedure with optional arguments.
"gfs_physics_add_get_state_mod.f", line 1215.54: 1513-068 (E) Argument keywords may only be used for procedures with an explicit interface. The keyword will be ignored.
"gfs_physics_add_get_state_mod.f", line 1311.10: 1513-068 (E) Argument keywords may only be used for procedures with an explicit interface. The keyword will be ignored.
"gfs_physics_add_get_state_mod.f", line 1311.45: 1513-068 (E) Argument keywords may only be used for procedures with an explicit interface. The keyword will be ignored.
"gfs_physics_add_get_state_mod.f", line 1313.11: 1513-029 (W) The number of arguments to "esmf_stategetarray" differs from the number of arguments in a previous reference. You should use the OPTIONAL attribute and an explicit interface to define a procedure with optional arguments.
"gfs_physics_add_get_state_mod.f", line 1313.54: 1513-068 (E) Argument keywords may only be used for procedures with an explicit interface. The keyword will be ignored.
"gfs_physics_add_get_state_mod.f", line 1409.10: 1513-068 (E) Argument keywords may only be used for procedures with an explicit interface. The keyword will be ignored.
"gfs_physics_add_get_state_mod.f", line 1409.45: 1513-068 (E) Argument keywords may only be used for procedures with an explicit interface. The keyword will be ignored.
"gfs_physics_add_get_state_mod.f", line 1411.11: 1513-029 (W) The number of arguments to "esmf_stategetarray" differs from the number of arguments in a previous reference. You should use the OPTIONAL attribute and an explicit interface to define a procedure with optional arguments.
"gfs_physics_add_get_state_mod.f", line 1411.54: 1513-068 (E) Argument keywords may only be used for procedures with an explicit interface. The keyword will be ignored.
"gfs_physics_add_get_state_mod.f", line 1507.10: 1513-068 (E) Argument keywords may only be used for procedures with an explicit interface. The keyword will be ignored.
"gfs_physics_add_get_state_mod.f", line 1507.45: 1513-068 (E) Argument keywords may only be used for procedures with an explicit interface. The keyword will be ignored.
"gfs_physics_add_get_state_mod.f", line 1509.11: 1513-029 (W) The number of arguments to "esmf_stategetarray" differs from the number of arguments in a previous reference. You should use the OPTIONAL attribute and an explicit interface to define a procedure with optional arguments.
"gfs_physics_add_get_state_mod.f", line 1509.54: 1513-068 (E) Argument keywords may only be used for procedures with an explicit interface. The keyword will be ignored.
"gfs_physics_add_get_state_mod.f", line 1605.10: 1513-068 (E) Argument keywords may only be used for procedures with an explicit interface. The keyword will be ignored.
"gfs_physics_add_get_state_mod.f", line 1605.45: 1513-068 (E) Argument keywords may only be used for procedures with an explicit interface. The keyword will be ignored.
"gfs_physics_add_get_state_mod.f", line 1607.11: 1513-029 (W) The number of arguments to "esmf_stategetarray" differs from the number of arguments in a previous reference. You should use the OPTIONAL attribute and an explicit interface to define a procedure with optional arguments.
"gfs_physics_add_get_state_mod.f", line 1607.54: 1513-068 (E) Argument keywords may only be used for procedures with an explicit interface. The keyword will be ignored.
"gfs_physics_add_get_state_mod.f", line 1703.10: 1513-068 (E) Argument keywords may only be used for procedures with an explicit interface. The keyword will be ignored.
"gfs_physics_add_get_state_mod.f", line 1703.45: 1513-068 (E) Argument keywords may only be used for procedures with an explicit interface. The keyword will be ignored.
"gfs_physics_add_get_state_mod.f", line 1705.11: 1513-029 (W) The number of arguments to "esmf_stategetarray" differs from the number of arguments in a previous reference. You should use the OPTIONAL attribute and an explicit interface to define a procedure with optional arguments.
"gfs_physics_add_get_state_mod.f", line 1705.54: 1513-068 (E) Argument keywords may only be used for procedures with an explicit interface. The keyword will be ignored.
"gfs_physics_add_get_state_mod.f", line 1801.10: 1513-068 (E) Argument keywords may only be used for procedures with an explicit interface. The keyword will be ignored.
"gfs_physics_add_get_state_mod.f", line 1801.45: 1513-068 (E) Argument keywords may only be used for procedures with an explicit interface. The keyword will be ignored.
"gfs_physics_add_get_state_mod.f", line 1803.11: 1513-029 (W) The number of arguments to "esmf_stategetarray" differs from the number of arguments in a previous reference. You should use the OPTIONAL attribute and an explicit interface to define a procedure with optional arguments.
"gfs_physics_add_get_state_mod.f", line 1803.54: 1513-068 (E) Argument keywords may only be used for procedures with an explicit interface. The keyword will be ignored.
"gfs_physics_add_get_state_mod.f", line 1899.10: 1513-068 (E) Argument keywords may only be used for procedures with an explicit interface. The keyword will be ignored.
"gfs_physics_add_get_state_mod.f", line 1899.45: 1513-068 (E) Argument keywords may only be used for procedures with an explicit interface. The keyword will be ignored.
"gfs_physics_add_get_state_mod.f", line 1901.11: 1513-029 (W) The number of arguments to "esmf_stategetarray" differs from the number of arguments in a previous reference. You should use the OPTIONAL attribute and an explicit interface to define a procedure with optional arguments.
"gfs_physics_add_get_state_mod.f", line 1901.54: 1513-068 (E) Argument keywords may only be used for procedures with an explicit interface. The keyword will be ignored.
** gfs_physics_add_get_state_mod   === End of Compilation 1 ===
1501-510  Compilation successful for file gfs_physics_add_get_state_mod.f.
	mpxlf95_r -qsuffix=cpp=f -O3 -qrealsize=8 -qstrict -qxlf77=leadzero -qmaxmem=-1 -qnolm -qsmp=noauto -qnosave -I/meso/save/wx20rv/ESMF_libs/esmf_3_1_0_61/mod/modO/AIX.default.64.mpi.default -I/nwprod/lib/incmod/w3_d -qfree -NS2048 -c gfs_physics_states_mod.f
COMMAND LINE  1520-022 (W) The FREE option has been replaced by the option FREE(F90).
** gfs_physics_states_mod   === End of Compilation 1 ===
1501-510  Compilation successful for file gfs_physics_states_mod.f.
	mpxlf95_r -qsuffix=cpp=f -O3 -qrealsize=8 -qstrict -qxlf77=leadzero -qmaxmem=-1 -qnolm -qsmp=noauto -qnosave -I/meso/save/wx20rv/ESMF_libs/esmf_3_1_0_61/mod/modO/AIX.default.64.mpi.default -I/nwprod/lib/incmod/w3_d -qfree -NS2048 -c gfs_physics_grid_comp_mod.f
COMMAND LINE  1520-022 (W) The FREE option has been replaced by the option FREE(F90).
** gfs_physics_grid_comp_mod   === End of Compilation 1 ===
1501-510  Compilation successful for file gfs_physics_grid_comp_mod.f.
	mpxlf95_r -qsuffix=cpp=f -O3 -qrealsize=8 -qstrict -qxlf77=leadzero -qmaxmem=-1 -qnolm -qsmp=noauto -qnosave  -qfixed -c getcon_physics.f 
** getcon_physics   === End of Compilation 1 ===
1501-510  Compilation successful for file getcon_physics.f.
	mpxlf95_r -qsuffix=cpp=f -O3 -qrealsize=8 -qstrict -qxlf77=leadzero -qmaxmem=-1 -qnolm -qsmp=noauto -qnosave  -qfixed -c compns_physics.f 
** compns_physics   === End of Compilation 1 ===
1501-510  Compilation successful for file compns_physics.f.
	mpxlf95_r -qsuffix=cpp=f -O3 -qrealsize=8 -qstrict -qxlf77=leadzero -qmaxmem=-1 -qnolm -qsmp=noauto -qnosave  -qfixed -c lats_shuff.f 
** setlats_r_ext   === End of Compilation 1 ===
** setlats_r_ext_shuff   === End of Compilation 2 ===
1501-510  Compilation successful for file lats_shuff.f.
	mpxlf95_r -qsuffix=cpp=f -O3 -qrealsize=8 -qstrict -qxlf77=leadzero -qmaxmem=-1 -qnolm -qsmp=noauto -qnosave  -qfixed -c setlats.f 
** setlats_r   === End of Compilation 1 ===
1501-510  Compilation successful for file setlats.f.
	mpxlf95_r -qsuffix=cpp=f -O3 -qrealsize=8 -qstrict -qxlf77=leadzero -qmaxmem=-1 -qnolm -qsmp=noauto -qnosave  -qfixed -c get_lats_node_shuff_r_fix.f 
** get_lats_node_r   === End of Compilation 1 ===
1501-510  Compilation successful for file get_lats_node_shuff_r_fix.f.
	mpxlf95_r -qsuffix=cpp=f -O3 -qrealsize=8 -qstrict -qxlf77=leadzero -qmaxmem=-1 -qnolm -qsmp=noauto -qnosave  -qfixed -c common_to_physics_vars.f 
** common_to_physics_vars   === End of Compilation 1 ===
1501-510  Compilation successful for file common_to_physics_vars.f.
	mpxlf95_r -qsuffix=cpp=f -O3 -qrealsize=8 -qstrict -qxlf77=leadzero -qmaxmem=-1 -qnolm -qsmp=noauto -qnosave  -qfixed -c do_physics_one_step.f 
"f_hpm.h", line 1: 1506-229 (W) File is empty.
** do_physics_one_step   === End of Compilation 1 ===
** do_physics_gridcheck   === End of Compilation 2 ===
1501-510  Compilation successful for file do_physics_one_step.f.
	mpxlf95_r -qsuffix=cpp=f -O3 -qrealsize=8 -qstrict -qxlf77=leadzero -qmaxmem=-1 -qnolm -qsmp=noauto -qnosave  -qfixed -c physics_to_common_vars.f 
** physics_to_common_vars   === End of Compilation 1 ===
1501-510  Compilation successful for file physics_to_common_vars.f.
	mpxlf95_r -qsuffix=cpp=f -O3 -qrealsize=8 -qstrict -qxlf77=leadzero -qmaxmem=-1 -qnolm -qsmp=noauto -qnosave -I/meso/save/wx20rv/ESMF_libs/esmf_3_1_0_61/mod/modO/AIX.default.64.mpi.default -I/nwprod/lib/incmod/w3_d   -NS2048 -qfixed -c gcycle_v.f
** gcycle   === End of Compilation 1 ===
1501-510  Compilation successful for file gcycle_v.f.
	mpxlf95_r -qsuffix=cpp=f -O3 -qrealsize=8 -qstrict -qxlf77=leadzero -qmaxmem=-1 -qnolm -qsmp=noauto -qnosave  -qfixed -c hpmdummy.f 
** f_hpminit   === End of Compilation 1 ===
** f_hpmterminate   === End of Compilation 2 ===
** f_hpmstart   === End of Compilation 3 ===
** f_hpmstop   === End of Compilation 4 ===
1501-510  Compilation successful for file hpmdummy.f.
	mpxlf95_r -qsuffix=cpp=f -O3 -qrealsize=8 -qstrict -qxlf77=leadzero -qmaxmem=-1 -qnolm -qsmp=noauto -qnosave -I/meso/save/wx20rv/ESMF_libs/esmf_3_1_0_61/mod/modO/AIX.default.64.mpi.default -I/nwprod/lib/incmod/w3_d   -NS2048 -qfixed -c radlw_param.f
** module_radlw_cntr_para   === End of Compilation 1 ===
** module_radlw_parameters   === End of Compilation 2 ===
1501-510  Compilation successful for file radlw_param.f.
	mpxlf95_r -qsuffix=cpp=f -O3 -qrealsize=8 -qstrict -qxlf77=leadzero -qmaxmem=-1 -qnolm -qsmp=noauto -qnosave -I/meso/save/wx20rv/ESMF_libs/esmf_3_1_0_61/mod/modO/AIX.default.64.mpi.default -I/nwprod/lib/incmod/w3_d   -NS2048 -qfixed -c radlw_datatb.f
** module_radlw_avplank   === End of Compilation 1 ===
** module_radlw_cldprlw   === End of Compilation 2 ===
** module_radlw_kgb01   === End of Compilation 3 ===
** module_radlw_kgb02   === End of Compilation 4 ===
** module_radlw_kgb03   === End of Compilation 5 ===
** module_radlw_kgb04   === End of Compilation 6 ===
** module_radlw_kgb05   === End of Compilation 7 ===
** module_radlw_kgb06   === End of Compilation 8 ===
** module_radlw_kgb07   === End of Compilation 9 ===
** module_radlw_kgb08   === End of Compilation 10 ===
** module_radlw_kgb09   === End of Compilation 11 ===
** module_radlw_kgb10   === End of Compilation 12 ===
** module_radlw_kgb11   === End of Compilation 13 ===
** module_radlw_kgb12   === End of Compilation 14 ===
** module_radlw_kgb13   === End of Compilation 15 ===
** module_radlw_kgb14   === End of Compilation 16 ===
** module_radlw_kgb15   === End of Compilation 17 ===
** module_radlw_kgb16   === End of Compilation 18 ===
1501-510  Compilation successful for file radlw_datatb.f.
	mpxlf95_r -qsuffix=cpp=f -O3 -qrealsize=8 -qstrict -qxlf77=leadzero -qmaxmem=-1 -qnolm -qsmp=noauto -qnosave -I/meso/save/wx20rv/ESMF_libs/esmf_3_1_0_61/mod/modO/AIX.default.64.mpi.default -I/nwprod/lib/incmod/w3_d   -NS2048 -qfixed -c radlw_main.f
** module_radlw_main   === End of Compilation 1 ===
1501-510  Compilation successful for file radlw_main.f.
	mpxlf95_r -qsuffix=cpp=f -O3 -qrealsize=8 -qstrict -qxlf77=leadzero -qmaxmem=-1 -qnolm -qsmp=noauto -qnosave -I/meso/save/wx20rv/ESMF_libs/esmf_3_1_0_61/mod/modO/AIX.default.64.mpi.default -I/nwprod/lib/incmod/w3_d   -NS2048 -qfixed -c radsw_param.f
** module_radsw_cntr_para   === End of Compilation 1 ===
** module_radsw_parameters   === End of Compilation 2 ===
1501-510  Compilation successful for file radsw_param.f.
	mpxlf95_r -qsuffix=cpp=f -O3 -qrealsize=8 -qstrict -qxlf77=leadzero -qmaxmem=-1 -qnolm -qsmp=noauto -qnosave -I/meso/save/wx20rv/ESMF_libs/esmf_3_1_0_61/mod/modO/AIX.default.64.mpi.default -I/nwprod/lib/incmod/w3_d   -NS2048 -qfixed -c radsw_datatb.f
** module_radsw_cldprtb   === End of Compilation 1 ===
** module_radsw_sflux   === End of Compilation 2 ===
** module_radsw_kgb16   === End of Compilation 3 ===
** module_radsw_kgb17   === End of Compilation 4 ===
** module_radsw_kgb18   === End of Compilation 5 ===
** module_radsw_kgb19   === End of Compilation 6 ===
** module_radsw_kgb20   === End of Compilation 7 ===
** module_radsw_kgb21   === End of Compilation 8 ===
** module_radsw_kgb22   === End of Compilation 9 ===
** module_radsw_kgb23   === End of Compilation 10 ===
** module_radsw_kgb24   === End of Compilation 11 ===
** module_radsw_kgb25   === End of Compilation 12 ===
** module_radsw_kgb26   === End of Compilation 13 ===
** module_radsw_kgb27   === End of Compilation 14 ===
** module_radsw_kgb28   === End of Compilation 15 ===
** module_radsw_kgb29   === End of Compilation 16 ===
1501-510  Compilation successful for file radsw_datatb.f.
	mpxlf95_r -qsuffix=cpp=f -O3 -qrealsize=8 -qstrict -qxlf77=leadzero -qmaxmem=-1 -qnolm -qsmp=noauto -qnosave -I/meso/save/wx20rv/ESMF_libs/esmf_3_1_0_61/mod/modO/AIX.default.64.mpi.default -I/nwprod/lib/incmod/w3_d   -NS2048 -qfixed -c radsw_main.f
** module_radsw_main   === End of Compilation 1 ===
1501-510  Compilation successful for file radsw_main.f.
	mpxlf95_r -qsuffix=cpp=f -O3 -qrealsize=8 -qstrict -qxlf77=leadzero -qmaxmem=-1 -qnolm -qsmp=noauto -qnosave -I/meso/save/wx20rv/ESMF_libs/esmf_3_1_0_61/mod/modO/AIX.default.64.mpi.default -I/nwprod/lib/incmod/w3_d   -NS2048 -qfixed -c radiation_astronomy.f
** module_radiation_astronomy   === End of Compilation 1 ===
1501-510  Compilation successful for file radiation_astronomy.f.
	mpxlf95_r -qsuffix=cpp=f -O3 -qrealsize=8 -qstrict -qxlf77=leadzero -qmaxmem=-1 -qnolm -qsmp=noauto -qnosave -I/meso/save/wx20rv/ESMF_libs/esmf_3_1_0_61/mod/modO/AIX.default.64.mpi.default -I/nwprod/lib/incmod/w3_d   -NS2048 -qfixed -c radiation_aerosols.f
** module_radiation_aerosols   === End of Compilation 1 ===
1501-510  Compilation successful for file radiation_aerosols.f.
	mpxlf95_r -qsuffix=cpp=f -O3 -qrealsize=8 -qstrict -qxlf77=leadzero -qmaxmem=-1 -qnolm -qsmp=noauto -qnosave -I/meso/save/wx20rv/ESMF_libs/esmf_3_1_0_61/mod/modO/AIX.default.64.mpi.default -I/nwprod/lib/incmod/w3_d   -NS2048 -qfixed -c radiation_gases.f
** module_radiation_gases   === End of Compilation 1 ===
1501-510  Compilation successful for file radiation_gases.f.
	mpxlf95_r -qsuffix=cpp=f -O3 -qrealsize=8 -qstrict -qxlf77=leadzero -qmaxmem=-1 -qnolm -qsmp=noauto -qnosave -I/meso/save/wx20rv/ESMF_libs/esmf_3_1_0_61/mod/modO/AIX.default.64.mpi.default -I/nwprod/lib/incmod/w3_d   -NS2048 -qfixed -c radiation_clouds.f
** module_radiation_clouds   === End of Compilation 1 ===
1501-510  Compilation successful for file radiation_clouds.f.
	mpxlf95_r -qsuffix=cpp=f -O3 -qrealsize=8 -qstrict -qxlf77=leadzero -qmaxmem=-1 -qnolm -qsmp=noauto -qnosave -I/meso/save/wx20rv/ESMF_libs/esmf_3_1_0_61/mod/modO/AIX.default.64.mpi.default -I/nwprod/lib/incmod/w3_d   -NS2048 -qfixed -c radiation_surface.f
** module_radiation_surface   === End of Compilation 1 ===
1501-510  Compilation successful for file radiation_surface.f.
	mpxlf95_r -qsuffix=cpp=f -O3 -qrealsize=8 -qstrict -qxlf77=leadzero -qmaxmem=-1 -qnolm -qsmp=noauto -qnosave -I/meso/save/wx20rv/ESMF_libs/esmf_3_1_0_61/mod/modO/AIX.default.64.mpi.default -I/nwprod/lib/incmod/w3_d   -NS2048 -qfixed -c grrad.f
** module_radiation_driver   === End of Compilation 1 ===
1501-510  Compilation successful for file grrad.f.
	mpxlf95_r -qsuffix=cpp=f -O3 -qrealsize=8 -qstrict -qxlf77=leadzero -qmaxmem=-1 -qnolm -qsmp=noauto -qnosave  -qfixed -c gloopr.f
"f_hpm.h", line 1: 1506-229 (W) File is empty.
** gloopr   === End of Compilation 1 ===
1501-510  Compilation successful for file gloopr.f.
	mpxlf95_r -qsuffix=cpp=f -O3 -qrealsize=8 -qstrict -qxlf77=leadzero -qmaxmem=-1 -qnolm -qsmp=noauto -qnosave -I/meso/save/wx20rv/ESMF_libs/esmf_3_1_0_61/mod/modO/AIX.default.64.mpi.default -I/nwprod/lib/incmod/w3_d   -NS2048 -qfixed -c ozinterp.f
** setindxoz   === End of Compilation 1 ===
** ozinterpol   === End of Compilation 2 ===
1501-510  Compilation successful for file ozinterp.f.
	mpxlf95_r -qsuffix=cpp=f -O3 -qrealsize=8 -qstrict -qxlf77=leadzero -qmaxmem=-1 -qnolm -qsmp=noauto -qnosave -I/meso/save/wx20rv/ESMF_libs/esmf_3_1_0_61/mod/modO/AIX.default.64.mpi.default -I/nwprod/lib/incmod/w3_d   -NS2048 -qfixed -c ozphys_v.f
** ozphys   === End of Compilation 1 ===
1501-510  Compilation successful for file ozphys_v.f.
	mpxlf95_r -qsuffix=cpp=f -O3 -qrealsize=8 -qstrict -qxlf77=leadzero -qmaxmem=-1 -qnolm -qsmp=noauto -qnosave -I/meso/save/wx20rv/ESMF_libs/esmf_3_1_0_61/mod/modO/AIX.default.64.mpi.default -I/nwprod/lib/incmod/w3_d   -NS2048 -qfixed -c gloopb.f
"f_hpm.h", line 1: 1506-229 (W) File is empty.
** gloopb   === End of Compilation 1 ===
1501-510  Compilation successful for file gloopb.f.
	mpxlf95_r -qsuffix=cpp=f -O3 -qrealsize=8 -qstrict -qxlf77=leadzero -qmaxmem=-1 -qnolm -qsmp=noauto -qnosave -I/meso/save/wx20rv/ESMF_libs/esmf_3_1_0_61/mod/modO/AIX.default.64.mpi.default -I/nwprod/lib/incmod/w3_d   -NS2048 -qfixed -c gbphys_v.f
** gbphys   === End of Compilation 1 ===
1501-510  Compilation successful for file gbphys_v.f.
	mpxlf95_r -qsuffix=cpp=f -O3 -qrealsize=8 -qstrict -qxlf77=leadzero -qmaxmem=-1 -qnolm -qsmp=noauto -qnosave -I/meso/save/wx20rv/ESMF_libs/esmf_3_1_0_61/mod/modO/AIX.default.64.mpi.default -I/nwprod/lib/incmod/w3_d   -NS2048 -qfixed -c gbphys_adv_hyb_gc.f
** gbphys_adv   === End of Compilation 1 ===
1501-510  Compilation successful for file gbphys_adv_hyb_gc.f.
	mpxlf95_r -qsuffix=cpp=f -O3 -qrealsize=8 -qstrict -qxlf77=leadzero -qmaxmem=-1 -qnolm -qsmp=noauto -qnosave -I/meso/save/wx20rv/ESMF_libs/esmf_3_1_0_61/mod/modO/AIX.default.64.mpi.default -I/nwprod/lib/incmod/w3_d   -NS2048 -qfixed -c gbphys_adv_hyb_gc_h.f
** gbphys_adv_h   === End of Compilation 1 ===
1501-510  Compilation successful for file gbphys_adv_hyb_gc_h.f.
	mpxlf95_r -qsuffix=cpp=f -O3 -qrealsize=8 -qstrict -qxlf77=leadzero -qmaxmem=-1 -qnolm -qsmp=noauto -qnosave -I/meso/save/wx20rv/ESMF_libs/esmf_3_1_0_61/mod/modO/AIX.default.64.mpi.default -I/nwprod/lib/incmod/w3_d   -NS2048 -qfixed -c dcyc2_v.f
** dcyc2t3   === End of Compilation 1 ===
1501-510  Compilation successful for file dcyc2_v.f.
	mpxlf95_r -qsuffix=cpp=f -O3 -qrealsize=8 -qstrict -qxlf77=leadzero -qmaxmem=-1 -qnolm -qsmp=noauto -qnosave -I/meso/save/wx20rv/ESMF_libs/esmf_3_1_0_61/mod/modO/AIX.default.64.mpi.default -I/nwprod/lib/incmod/w3_d   -NS2048 -qfixed -c dcyc2_v.pre.rad.f
** dcyc2t3_pre_rad   === End of Compilation 1 ===
1501-510  Compilation successful for file dcyc2_v.pre.rad.f.
	mpxlf95_r -qsuffix=cpp=f -O3 -qrealsize=8 -qstrict -qxlf77=leadzero -qmaxmem=-1 -qnolm -qsmp=noauto -qnosave -I/meso/save/wx20rv/ESMF_libs/esmf_3_1_0_61/mod/modO/AIX.default.64.mpi.default -I/nwprod/lib/incmod/w3_d   -NS2048 -qfixed -c set_soilveg.f
** set_soilveg   === End of Compilation 1 ===
1501-510  Compilation successful for file set_soilveg.f.
	mpxlf95_r -qsuffix=cpp=f -O3 -qrealsize=8 -qstrict -qxlf77=leadzero -qmaxmem=-1 -qnolm -qsmp=noauto -qnosave -I/meso/save/wx20rv/ESMF_libs/esmf_3_1_0_61/mod/modO/AIX.default.64.mpi.default -I/nwprod/lib/incmod/w3_d   -NS2048 -qfixed -c sfc_drv.f
** sfc_drv   === End of Compilation 1 ===
1501-510  Compilation successful for file sfc_drv.f.
	mpxlf95_r -qsuffix=cpp=f -O3 -qrealsize=8 -qstrict -qxlf77=leadzero -qmaxmem=-1 -qnolm -qsmp=noauto -qnosave -I/meso/save/wx20rv/ESMF_libs/esmf_3_1_0_61/mod/modO/AIX.default.64.mpi.default -I/nwprod/lib/incmod/w3_d   -NS2048 -qfixed -c sfc_land.f
** sfc_land   === End of Compilation 1 ===
1501-510  Compilation successful for file sfc_land.f.
	mpxlf95_r -qsuffix=cpp=f -O3 -qrealsize=8 -qstrict -qxlf77=leadzero -qmaxmem=-1 -qnolm -qsmp=noauto -qnosave -I/meso/save/wx20rv/ESMF_libs/esmf_3_1_0_61/mod/modO/AIX.default.64.mpi.default -I/nwprod/lib/incmod/w3_d   -NS2048 -qfixed -c progt2_v.f
** progt2   === End of Compilation 1 ===
** ktsoil   === End of Compilation 2 ===
** funcdf   === End of Compilation 3 ===
** funckt   === End of Compilation 4 ===
** thsat   === End of Compilation 5 ===
** twlt   === End of Compilation 6 ===
1501-510  Compilation successful for file progt2_v.f.
	mpxlf95_r -qsuffix=cpp=f -O3 -qrealsize=8 -qstrict -qxlf77=leadzero -qmaxmem=-1 -qnolm -qsmp=noauto -qnosave -I/meso/save/wx20rv/ESMF_libs/esmf_3_1_0_61/mod/modO/AIX.default.64.mpi.default -I/nwprod/lib/incmod/w3_d   -NS2048 -qfixed -c sfc_sice.f
** sfc_sice   === End of Compilation 1 ===
** ice3lay   === End of Compilation 2 ===
1501-510  Compilation successful for file sfc_sice.f.
	mpxlf95_r -qsuffix=cpp=f -O3 -qrealsize=8 -qstrict -qxlf77=leadzero -qmaxmem=-1 -qnolm -qsmp=noauto -qnosave -I/meso/save/wx20rv/ESMF_libs/esmf_3_1_0_61/mod/modO/AIX.default.64.mpi.default -I/nwprod/lib/incmod/w3_d   -NS2048 -qfixed -c sfc_ocean.f
** sfc_ocean   === End of Compilation 1 ===
1501-510  Compilation successful for file sfc_ocean.f.
	mpxlf95_r -qsuffix=cpp=f -O3 -qrealsize=8 -qstrict -qxlf77=leadzero -qmaxmem=-1 -qnolm -qsmp=noauto -qnosave -I/meso/save/wx20rv/ESMF_libs/esmf_3_1_0_61/mod/modO/AIX.default.64.mpi.default -I/nwprod/lib/incmod/w3_d   -NS2048 -qfixed -c sfc_diff.f
** sfc_diff   === End of Compilation 1 ===
1501-510  Compilation successful for file sfc_diff.f.
	mpxlf95_r -qsuffix=cpp=f -O3 -qrealsize=8 -qstrict -qxlf77=leadzero -qmaxmem=-1 -qnolm -qsmp=noauto -qnosave -I/meso/save/wx20rv/ESMF_libs/esmf_3_1_0_61/mod/modO/AIX.default.64.mpi.default -I/nwprod/lib/incmod/w3_d   -NS2048 -qfixed -c sfc_diag.f
** sfc_diag   === End of Compilation 1 ===
1501-510  Compilation successful for file sfc_diag.f.
	mpxlf95_r -qsuffix=cpp=f -O3 -qrealsize=8 -qstrict -qxlf77=leadzero -qmaxmem=-1 -qnolm -qsmp=noauto -qnosave -I/meso/save/wx20rv/ESMF_libs/esmf_3_1_0_61/mod/modO/AIX.default.64.mpi.default -I/nwprod/lib/incmod/w3_d   -NS2048 -qfixed -c sflx.f
** sflx   === End of Compilation 1 ===
** alcalc   === End of Compilation 2 ===
** canres   === End of Compilation 3 ===
** csnow   === End of Compilation 4 ===
** devap   === End of Compilation 5 ===
** evapo   === End of Compilation 6 ===
** frh2o   === End of Compilation 7 ===
** hrt   === End of Compilation 8 ===
** hrtice   === End of Compilation 9 ===
** hstep   === End of Compilation 10 ===
** nopac   === End of Compilation 11 ===
** penman   === End of Compilation 12 ===
** redprm   === End of Compilation 13 ===
** rosr12   === End of Compilation 14 ===
** sfcdif   === End of Compilation 15 ===
** shflx   === End of Compilation 16 ===
** smflx   === End of Compilation 17 ===
** snfrac   === End of Compilation 18 ===
** snksrc   === End of Compilation 19 ===
** snopac   === End of Compilation 20 ===
** snowpack   === End of Compilation 21 ===
** snowz0   === End of Compilation 22 ===
** snow_new   === End of Compilation 23 ===
** srt   === End of Compilation 24 ===
** sstep   === End of Compilation 25 ===
** tbnd   === End of Compilation 26 ===
** tdfcnd   === End of Compilation 27 ===
** tmpavg   === End of Compilation 28 ===
** transp   === End of Compilation 29 ===
** wdfcnd   === End of Compilation 30 ===
1501-510  Compilation successful for file sflx.f.
	mpxlf95_r -qsuffix=cpp=f -O3 -qrealsize=8 -qstrict -qxlf77=leadzero -qmaxmem=-1 -qnolm -qsmp=noauto -qnosave -I/meso/save/wx20rv/ESMF_libs/esmf_3_1_0_61/mod/modO/AIX.default.64.mpi.default -I/nwprod/lib/incmod/w3_d   -NS2048 -qfixed -c moninp_v.f
** moninp   === End of Compilation 1 ===
** tridi2   === End of Compilation 2 ===
** tridin   === End of Compilation 3 ===
1501-510  Compilation successful for file moninp_v.f.
	mpxlf95_r -qsuffix=cpp=f -O3 -qrealsize=8 -qstrict -qxlf77=leadzero -qmaxmem=-1 -qnolm -qsmp=noauto -qnosave -I/meso/save/wx20rv/ESMF_libs/esmf_3_1_0_61/mod/modO/AIX.default.64.mpi.default -I/nwprod/lib/incmod/w3_d   -NS2048 -qfixed -c moninq_v.f
** moninq   === End of Compilation 1 ===
1501-510  Compilation successful for file moninq_v.f.
	mpxlf95_r -qsuffix=cpp=f -O3 -qrealsize=8 -qstrict -qxlf77=leadzero -qmaxmem=-1 -qnolm -qsmp=noauto -qnosave -I/meso/save/wx20rv/ESMF_libs/esmf_3_1_0_61/mod/modO/AIX.default.64.mpi.default -I/nwprod/lib/incmod/w3_d   -NS2048 -qfixed -c gwdps_v.f
** gwdps   === End of Compilation 1 ===
1501-510  Compilation successful for file gwdps_v.f.
	mpxlf95_r -qsuffix=cpp=f -O3 -qrealsize=8 -qstrict -qxlf77=leadzero -qmaxmem=-1 -qnolm -qsmp=noauto -qnosave -I/meso/save/wx20rv/ESMF_libs/esmf_3_1_0_61/mod/modO/AIX.default.64.mpi.default -I/nwprod/lib/incmod/w3_d   -NS2048 -qfixed -c gwdc.f
** gwdc   === End of Compilation 1 ===
1501-510  Compilation successful for file gwdc.f.
	mpxlf95_r -qsuffix=cpp=f -O3 -qrealsize=8 -qstrict -qxlf77=leadzero -qmaxmem=-1 -qnolm -qsmp=noauto -qnosave -I/meso/save/wx20rv/ESMF_libs/esmf_3_1_0_61/mod/modO/AIX.default.64.mpi.default -I/nwprod/lib/incmod/w3_d   -NS2048 -qfixed -c sascnv_v.f
** sascnv   === End of Compilation 1 ===
1501-510  Compilation successful for file sascnv_v.f.
	mpxlf95_r -qsuffix=cpp=f -O3 -qrealsize=8 -qstrict -qxlf77=leadzero -qmaxmem=-1 -qnolm -qsmp=noauto -qnosave -I/meso/save/wx20rv/ESMF_libs/esmf_3_1_0_61/mod/modO/AIX.default.64.mpi.default -I/nwprod/lib/incmod/w3_d   -NS2048 -qfixed -c sascnvn_v.f
** sascnvn   === End of Compilation 1 ===
1501-510  Compilation successful for file sascnvn_v.f.
	mpxlf95_r -qsuffix=cpp=f -O3 -qrealsize=8 -qstrict -qxlf77=leadzero -qmaxmem=-1 -qnolm -qsmp=noauto -qnosave -I/meso/save/wx20rv/ESMF_libs/esmf_3_1_0_61/mod/modO/AIX.default.64.mpi.default -I/nwprod/lib/incmod/w3_d   -NS2048 -qfixed -c cnvcld_v.f
** cnvc90   === End of Compilation 1 ===
1501-510  Compilation successful for file cnvcld_v.f.
	mpxlf95_r -qsuffix=cpp=f -O3 -qrealsize=8 -qstrict -qxlf77=leadzero -qmaxmem=-1 -qnolm -qsmp=noauto -qnosave -I/meso/save/wx20rv/ESMF_libs/esmf_3_1_0_61/mod/modO/AIX.default.64.mpi.default -I/nwprod/lib/incmod/w3_d   -NS2048 -qfixed -c shalcv_v.f
** shalcvt3   === End of Compilation 1 ===
** tridi2t3   === End of Compilation 2 ===
1501-510  Compilation successful for file shalcv_v.f.
	mpxlf95_r -qsuffix=cpp=f -O3 -qrealsize=8 -qstrict -qxlf77=leadzero -qmaxmem=-1 -qnolm -qsmp=noauto -qnosave -I/meso/save/wx20rv/ESMF_libs/esmf_3_1_0_61/mod/modO/AIX.default.64.mpi.default -I/nwprod/lib/incmod/w3_d   -NS2048 -qfixed -c shalcnv_v.f
** shalcnv   === End of Compilation 1 ===
1501-510  Compilation successful for file shalcnv_v.f.
	mpxlf95_r -qsuffix=cpp=f -O3 -qrealsize=8 -qstrict -qxlf77=leadzero -qmaxmem=-1 -qnolm -qsmp=noauto -qnosave -I/meso/save/wx20rv/ESMF_libs/esmf_3_1_0_61/mod/modO/AIX.default.64.mpi.default -I/nwprod/lib/incmod/w3_d   -NS2048 -qfixed -c lrgsclr_v.f
** lrgscl   === End of Compilation 1 ===
1501-510  Compilation successful for file lrgsclr_v.f.
	mpxlf95_r -qsuffix=cpp=f -O3 -qrealsize=8 -qstrict -qxlf77=leadzero -qmaxmem=-1 -qnolm -qsmp=noauto -qnosave -I/meso/save/wx20rv/ESMF_libs/esmf_3_1_0_61/mod/modO/AIX.default.64.mpi.default -I/nwprod/lib/incmod/w3_d   -NS2048 -qfixed -c gscond_v.f
** gscond   === End of Compilation 1 ===
1501-510  Compilation successful for file gscond_v.f.
	mpxlf95_r -qsuffix=cpp=f -O3 -qrealsize=8 -qstrict -qxlf77=leadzero -qmaxmem=-1 -qnolm -qsmp=noauto -qnosave -I/meso/save/wx20rv/ESMF_libs/esmf_3_1_0_61/mod/modO/AIX.default.64.mpi.default -I/nwprod/lib/incmod/w3_d   -NS2048 -qfixed -c precpd_v.f
** precpd   === End of Compilation 1 ===
1501-510  Compilation successful for file precpd_v.f.
	mpxlf95_r -qsuffix=cpp=f -O3 -qrealsize=8 -qstrict -qxlf77=leadzero -qmaxmem=-1 -qnolm -qsmp=noauto -qnosave -I/meso/save/wx20rv/ESMF_libs/esmf_3_1_0_61/mod/modO/AIX.default.64.mpi.default -I/nwprod/lib/incmod/w3_d   -NS2048 -qfixed -c mstadb_v.f
** mstadbt3   === End of Compilation 1 ===
1501-510  Compilation successful for file mstadb_v.f.
	mpxlf95_r -qsuffix=cpp=f -O3 -qrealsize=8 -qstrict -qxlf77=leadzero -qmaxmem=-1 -qnolm -qsmp=noauto -qnosave -I/meso/save/wx20rv/ESMF_libs/esmf_3_1_0_61/mod/modO/AIX.default.64.mpi.default -I/nwprod/lib/incmod/w3_d   -NS2048 -qfixed -c mstcnv_v.f
** mstcnv   === End of Compilation 1 ===
1501-510  Compilation successful for file mstcnv_v.f.
	mpxlf95_r -qsuffix=cpp=f -O3 -qrealsize=8 -qstrict -qxlf77=leadzero -qmaxmem=-1 -qnolm -qsmp=noauto -qnosave -I/meso/save/wx20rv/ESMF_libs/esmf_3_1_0_61/mod/modO/AIX.default.64.mpi.default -I/nwprod/lib/incmod/w3_d   -NS2048 -qfixed -c get_prs_v.f
** get_prs   === End of Compilation 1 ===
** get_phi   === End of Compilation 2 ===
** get_cpr   === End of Compilation 3 ===
** get_r   === End of Compilation 4 ===
** get_cp   === End of Compilation 5 ===
1501-510  Compilation successful for file get_prs_v.f.
	mpxlf95_r -qsuffix=cpp=f -O3 -qrealsize=8 -qstrict -qxlf77=leadzero -qmaxmem=-1 -qnolm -qsmp=noauto -qnosave -I/meso/save/wx20rv/ESMF_libs/esmf_3_1_0_61/mod/modO/AIX.default.64.mpi.default -I/nwprod/lib/incmod/w3_d   -NS2048 -qfixed -c gsmddrive_v.f
** gsmdrive   === End of Compilation 1 ===
** micro_init   === End of Compilation 2 ===
** init_micro   === End of Compilation 3 ===
1501-510  Compilation successful for file gsmddrive_v.f.
	mpxlf95_r -qsuffix=cpp=f -O3 -qrealsize=8 -qstrict -qxlf77=leadzero -qmaxmem=-1 -qnolm -qsmp=noauto -qnosave  -qfixed -c wrtout_physics.f
** mod_state   === End of Compilation 1 ===
** wrtout_physics   === End of Compilation 2 ===
** wrt_restart_physics   === End of Compilation 3 ===
** wrtlog_physics   === End of Compilation 4 ===
** sfc_collect   === End of Compilation 5 ===
** sfc_only_move   === End of Compilation 6 ===
** sfc_wrt   === End of Compilation 7 ===
** wrtflx_a   === End of Compilation 8 ===
** wrtflx_w   === End of Compilation 9 ===
** grids_move   === End of Compilation 10 ===
** nfill   === End of Compilation 11 ===
1501-510  Compilation successful for file wrtout_physics.f.
	mpxlf95_r -qsuffix=cpp=f -O3 -qrealsize=8 -qstrict -qxlf77=leadzero -qmaxmem=-1 -qnolm -qsmp=noauto -qnosave  -qfixed -c fix_fields.f 
** fix_fields   === End of Compilation 1 ===
1501-510  Compilation successful for file fix_fields.f.
	mpxlf95_r -qsuffix=cpp=f -O3 -qrealsize=8 -qstrict -qxlf77=leadzero -qmaxmem=-1 -qnolm -qsmp=noauto -qnosave  -qfixed -c read_fix.f 
** read_mtn_hprim_oz   === End of Compilation 1 ===
** read_sfc   === End of Compilation 2 ===
** interpred   === End of Compilation 3 ===
** intlon   === End of Compilation 4 ===
** readoz_disprd   === End of Compilation 5 ===
** orord   === End of Compilation 6 ===
** split2d   === End of Compilation 7 ===
** skip   === End of Compilation 8 ===
** excha   === End of Compilation 9 ===
** sumlat   === End of Compilation 10 ===
** unsplit2d   === End of Compilation 11 ===
** uninterpred   === End of Compilation 12 ===
** uninterprez   === End of Compilation 13 ===
** unsplit2z   === End of Compilation 14 ===
** unsplit2d_r   === End of Compilation 15 ===
** split2d_r   === End of Compilation 16 ===
** read_sfc_r   === End of Compilation 17 ===
1501-510  Compilation successful for file read_fix.f.
	mpxlf95_r -qsuffix=cpp=f -O3 -qrealsize=8 -qstrict -qxlf77=leadzero -qmaxmem=-1 -qnolm -qsmp=noauto -qnosave  -qfixed -c gribit.f
** gribit   === End of Compilation 1 ===
1501-510  Compilation successful for file gribit.f.
	mpxlf95_r -qsuffix=cpp=f -O3 -qrealsize=8 -qstrict -qxlf77=leadzero -qmaxmem=-1 -qnolm -qsmp=noauto -qnosave  -qfixed -c wrt3d.f
** wrt3d   === End of Compilation 1 ===
1501-510  Compilation successful for file wrt3d.f.
	mpxlf95_r -qsuffix=cpp=f -O3 -qrealsize=8 -qstrict -qxlf77=leadzero -qmaxmem=-1 -qnolm -qsmp=noauto -qnosave  -qfixed -c wrt3d_hyb.f
** wrt3d_hyb   === End of Compilation 1 ===
1501-510  Compilation successful for file wrt3d_hyb.f.
	mpxlf95_r -qsuffix=cpp=f -O3 -qrealsize=8 -qstrict -qxlf77=leadzero -qmaxmem=-1 -qnolm -qsmp=noauto -qnosave  -qfixed -c para_fixio_w.f
** para_fixio_w   === End of Compilation 1 ===
1501-510  Compilation successful for file para_fixio_w.f.
	mpxlf95_r -qsuffix=cpp=f -O3 -qrealsize=8 -qstrict -qxlf77=leadzero -qmaxmem=-1 -qnolm -qsmp=noauto -qnosave  -qfixed -c wrtsfc.f
** wrtsfc   === End of Compilation 1 ===
1501-510  Compilation successful for file wrtsfc.f.
	mpxlf95_r -qsuffix=cpp=f -O3 -qrealsize=8 -qstrict -qxlf77=leadzero -qmaxmem=-1 -qnolm -qsmp=noauto -qnosave -I/meso/save/wx20rv/ESMF_libs/esmf_3_1_0_61/mod/modO/AIX.default.64.mpi.default -I/nwprod/lib/incmod/w3_d   -NS2048 -qfixed -c sfcsub.f
** sfccyc_module   === End of Compilation 1 ===
** sfccycle   === End of Compilation 2 ===
** count   === End of Compilation 3 ===
** monitr   === End of Compilation 4 ===
** dayoyr   === End of Compilation 5 ===
** hmskrd   === End of Compilation 6 ===
** fixrdg   === End of Compilation 7 ===
** getarea   === End of Compilation 8 ===
** subst   === End of Compilation 9 ===
** la2ga   === End of Compilation 10 ===
** maxmin   === End of Compilation 11 ===
** filanl   === End of Compilation 12 ===
** analy   === End of Compilation 13 ===
** filfcs   === End of Compilation 14 ===
** bktges   === End of Compilation 15 ===
** rof01   === End of Compilation 16 ===
** tsfcor   === End of Compilation 17 ===
** snodpth   === End of Compilation 18 ===
** merge   === End of Compilation 19 ===
** newice   === End of Compilation 20 ===
** qcsnow   === End of Compilation 21 ===
** qcsice   === End of Compilation 22 ===
** setlsi   === End of Compilation 23 ===
** scale   === End of Compilation 24 ===
** qcmxmn   === End of Compilation 25 ===
** setzro   === End of Compilation 26 ===
** getscv   === End of Compilation 27 ===
** getstc   === End of Compilation 28 ===
** getsmc   === End of Compilation 29 ===
** usesgt   === End of Compilation 30 ===
** snosfc   === End of Compilation 31 ===
** albocn   === End of Compilation 32 ===
** qcmxice   === End of Compilation 33 ===
** qcsli   === End of Compilation 34 ===
** qcbyfc   === End of Compilation 35 ===
** setrmsk   === End of Compilation 36 ===
** ga2la   === End of Compilation 37 ===
** landtyp   === End of Compilation 38 ===
** gaulat   === End of Compilation 39 ===
** anomint   === End of Compilation 40 ===
** clima   === End of Compilation 41 ===
** fixrdc   === End of Compilation 42 ===
** fixrda   === End of Compilation 43 ===
** splatx   === End of Compilation 44 ===
** snodpth2   === End of Compilation 45 ===
1501-510  Compilation successful for file sfcsub.f.
	ar -r gfs_physics.a machine.o		 iounitdef.o            resol_def.o            layout1.o              vert_def.o             gg_def.o               date_def.o             physcons_v.o           funcphys_v.o           progtm_module.o        rascnvv2_v.o           namelist_physics_def.o         namelist_soilveg.o     coordinate_def.o       tracer_const_h.o  	 reduce_lons_grid_module.o	 module_bfmicrophysics.o	 mpi_def.o		 d3d_def.o        	 sfcio_module.o         gfs_physics_err_msg_mod.o             gfs_physics_sfc_flx_mod.o	        gfs_physics_namelist_mod.o            module_alarms.o                       gfs_physics_start_time_get_mod.o      gfs_physics_internal_state_mod.o      gfs_physics_grid_create_mod.o         gfs_physics_getcf_mod.o               gfs_physics_initialize_mod.o          gfs_physics_run_mod.o                 gfs_physics_finalize_mod.o            gfs_physics_add_get_state_mod.o       gfs_physics_states_mod.o              gfs_physics_grid_comp_mod.o getcon_physics.o		 compns_physics.o		 lats_shuff.o			 setlats.o			 get_lats_node_shuff_r_fix.o	 common_to_physics_vars.o	 do_physics_one_step.o		 physics_to_common_vars.o	 gcycle_v.o           		 hpmdummy.o  radlw_param.o           radlw_datatb.o          radlw_main.o            radsw_param.o           radsw_datatb.o          radsw_main.o            radiation_astronomy.o   radiation_aerosols.o    radiation_gases.o       radiation_clouds.o      radiation_surface.o     grrad.o                 gloopr.o ozinterp.o           ozphys_v.o           gloopb.o             gbphys_v.o           gbphys_adv_hyb_gc.o  gbphys_adv_hyb_gc_h.o  dcyc2_v.o            dcyc2_v.pre.rad.o    set_soilveg.o        sfc_drv.o            sfc_land.o           progt2_v.o           sfc_sice.o           sfc_ocean.o          sfc_diff.o           sfc_diag.o           sflx.o               moninp_v.o           moninq_v.o           gwdps_v.o            gwdc.o            sascnv_v.o           sascnvn_v.o           cnvcld_v.o           shalcv_v.o           shalcnv_v.o           lrgsclr_v.o          gscond_v.o           precpd_v.o           mstadb_v.o           mstcnv_v.o           get_prs_v.o          gsmddrive_v.o  wrtout_physics.o    fix_fields.o        read_fix.o          gribit.o            wrt3d.o             wrt3d_hyb.o         para_fixio_w.o      wrtsfc.o            sfcsub.o           
ar: Creating an archive file gfs_physics.a.
	echo " gfs_physics.a created!"
 gfs_physics.a created!
Target "gfs_physics" is up to date.
